[33mWARNING[0m:  [23-04-2025 18:26:25] chroma_server_nofile is set to 65535, but this is less than current soft limit of 1048575. chroma_server_nofile will not be set.
[32mINFO[0m:     [23-04-2025 18:26:26] Anonymized telemetry enabled. See                     https://docs.trychroma.com/telemetry for more information.
[36mDEBUG[0m:    [23-04-2025 18:26:26] Starting component System
[36mDEBUG[0m:    [23-04-2025 18:26:26] Starting component OpenTelemetryClient
[36mDEBUG[0m:    [23-04-2025 18:26:26] Starting component SqliteDB
[36mDEBUG[0m:    [23-04-2025 18:26:26] Starting component SimpleQuotaEnforcer
[36mDEBUG[0m:    [23-04-2025 18:26:26] Starting component Posthog
[36mDEBUG[0m:    [23-04-2025 18:26:26] Starting component SimpleRateLimitEnforcer
[36mDEBUG[0m:    [23-04-2025 18:26:26] Starting component LocalSegmentManager
[36mDEBUG[0m:    [23-04-2025 18:26:26] Starting component LocalExecutor
[36mDEBUG[0m:    [23-04-2025 18:26:26] Starting component SegmentAPI
[36mDEBUG[0m:    [23-04-2025 18:26:26] Starting component SimpleAsyncRateLimitEnforcer
[32mINFO[0m:     [23-04-2025 18:26:26] Started server process [[36m98449[0m]
[32mINFO[0m:     [23-04-2025 18:26:26] Waiting for application startup.
[32mINFO[0m:     [23-04-2025 18:26:26] Application startup complete.
[32mINFO[0m:     [23-04-2025 18:26:26] Uvicorn running on [1mhttp://localhost:8000[0m (Press CTRL+C to quit)
[32mINFO[0m:     [23-04-2025 18:26:46] Shutting down
[32mINFO[0m:     [23-04-2025 18:26:46] Waiting for application shutdown.
[36mDEBUG[0m:    [23-04-2025 18:26:46] Stopping component System
[36mDEBUG[0m:    [23-04-2025 18:26:46] Stopping component SegmentAPI
[36mDEBUG[0m:    [23-04-2025 18:26:46] Stopping component LocalExecutor
[36mDEBUG[0m:    [23-04-2025 18:26:46] Stopping component LocalSegmentManager
[36mDEBUG[0m:    [23-04-2025 18:26:46] Stopping component SimpleAsyncRateLimitEnforcer
[36mDEBUG[0m:    [23-04-2025 18:26:46] Stopping component SimpleRateLimitEnforcer
[36mDEBUG[0m:    [23-04-2025 18:26:46] Stopping component Posthog
[36mDEBUG[0m:    [23-04-2025 18:26:46] Stopping component SimpleQuotaEnforcer
[36mDEBUG[0m:    [23-04-2025 18:26:46] Stopping component SqliteDB
[36mDEBUG[0m:    [23-04-2025 18:26:46] Stopping component OpenTelemetryClient
[32mINFO[0m:     [23-04-2025 18:26:46] Application shutdown complete.
[32mINFO[0m:     [23-04-2025 18:26:46] Finished server process [[36m98449[0m]
[33mWARNING[0m:  [23-04-2025 18:39:59] chroma_server_nofile is set to 65535, but this is less than current soft limit of 1048575. chroma_server_nofile will not be set.
[32mINFO[0m:     [23-04-2025 18:39:59] Anonymized telemetry enabled. See                     https://docs.trychroma.com/telemetry for more information.
[36mDEBUG[0m:    [23-04-2025 18:39:59] Starting component System
[36mDEBUG[0m:    [23-04-2025 18:39:59] Starting component OpenTelemetryClient
[36mDEBUG[0m:    [23-04-2025 18:39:59] Starting component SqliteDB
[36mDEBUG[0m:    [23-04-2025 18:39:59] Starting component SimpleQuotaEnforcer
[36mDEBUG[0m:    [23-04-2025 18:39:59] Starting component Posthog
[36mDEBUG[0m:    [23-04-2025 18:39:59] Starting component SimpleRateLimitEnforcer
[36mDEBUG[0m:    [23-04-2025 18:39:59] Starting component LocalSegmentManager
[36mDEBUG[0m:    [23-04-2025 18:39:59] Starting component LocalExecutor
[36mDEBUG[0m:    [23-04-2025 18:39:59] Starting component SegmentAPI
[36mDEBUG[0m:    [23-04-2025 18:39:59] Starting component SimpleAsyncRateLimitEnforcer
[32mINFO[0m:     [23-04-2025 18:39:59] Started server process [[36m98859[0m]
[32mINFO[0m:     [23-04-2025 18:39:59] Waiting for application startup.
[32mINFO[0m:     [23-04-2025 18:39:59] Application startup complete.
[32mINFO[0m:     [23-04-2025 18:39:59] Uvicorn running on [1mhttp://localhost:8000[0m (Press CTRL+C to quit)
[32mINFO[0m:     [23-04-2025 18:40:51] Shutting down
[32mINFO[0m:     [23-04-2025 18:40:51] Waiting for application shutdown.
[36mDEBUG[0m:    [23-04-2025 18:40:51] Stopping component System
[36mDEBUG[0m:    [23-04-2025 18:40:51] Stopping component SegmentAPI
[36mDEBUG[0m:    [23-04-2025 18:40:51] Stopping component LocalExecutor
[36mDEBUG[0m:    [23-04-2025 18:40:51] Stopping component LocalSegmentManager
[36mDEBUG[0m:    [23-04-2025 18:40:51] Stopping component SimpleAsyncRateLimitEnforcer
[36mDEBUG[0m:    [23-04-2025 18:40:51] Stopping component SimpleRateLimitEnforcer
[36mDEBUG[0m:    [23-04-2025 18:40:51] Stopping component Posthog
[36mDEBUG[0m:    [23-04-2025 18:40:51] Stopping component SimpleQuotaEnforcer
[36mDEBUG[0m:    [23-04-2025 18:40:51] Stopping component SqliteDB
[36mDEBUG[0m:    [23-04-2025 18:40:51] Stopping component OpenTelemetryClient
[32mINFO[0m:     [23-04-2025 18:40:51] Application shutdown complete.
[32mINFO[0m:     [23-04-2025 18:40:51] Finished server process [[36m98859[0m]
[33mWARNING[0m:  [23-04-2025 18:40:53] chroma_server_nofile is set to 65535, but this is less than current soft limit of 1048575. chroma_server_nofile will not be set.
[32mINFO[0m:     [23-04-2025 18:40:53] Anonymized telemetry enabled. See                     https://docs.trychroma.com/telemetry for more information.
[36mDEBUG[0m:    [23-04-2025 18:40:53] Starting component System
[36mDEBUG[0m:    [23-04-2025 18:40:53] Starting component OpenTelemetryClient
[36mDEBUG[0m:    [23-04-2025 18:40:53] Starting component SqliteDB
[36mDEBUG[0m:    [23-04-2025 18:40:53] Starting component SimpleQuotaEnforcer
[36mDEBUG[0m:    [23-04-2025 18:40:53] Starting component Posthog
[36mDEBUG[0m:    [23-04-2025 18:40:53] Starting component SimpleRateLimitEnforcer
[36mDEBUG[0m:    [23-04-2025 18:40:53] Starting component LocalSegmentManager
[36mDEBUG[0m:    [23-04-2025 18:40:53] Starting component LocalExecutor
[36mDEBUG[0m:    [23-04-2025 18:40:53] Starting component SegmentAPI
[36mDEBUG[0m:    [23-04-2025 18:40:53] Starting component SimpleAsyncRateLimitEnforcer
[32mINFO[0m:     [23-04-2025 18:40:53] Started server process [[36m98920[0m]
[32mINFO[0m:     [23-04-2025 18:40:53] Waiting for application startup.
[32mINFO[0m:     [23-04-2025 18:40:53] Application startup complete.
[32mINFO[0m:     [23-04-2025 18:40:53] Uvicorn running on [1mhttp://localhost:8000[0m (Press CTRL+C to quit)
[32mINFO[0m:     [23-04-2025 18:41:18] Shutting down
[32mINFO[0m:     [23-04-2025 18:41:18] Waiting for application shutdown.
[36mDEBUG[0m:    [23-04-2025 18:41:18] Stopping component System
[36mDEBUG[0m:    [23-04-2025 18:41:18] Stopping component SegmentAPI
[36mDEBUG[0m:    [23-04-2025 18:41:18] Stopping component LocalExecutor
[36mDEBUG[0m:    [23-04-2025 18:41:18] Stopping component LocalSegmentManager
[36mDEBUG[0m:    [23-04-2025 18:41:18] Stopping component SimpleAsyncRateLimitEnforcer
[36mDEBUG[0m:    [23-04-2025 18:41:18] Stopping component SimpleRateLimitEnforcer
[36mDEBUG[0m:    [23-04-2025 18:41:18] Stopping component Posthog
[36mDEBUG[0m:    [23-04-2025 18:41:18] Stopping component SimpleQuotaEnforcer
[36mDEBUG[0m:    [23-04-2025 18:41:18] Stopping component SqliteDB
[36mDEBUG[0m:    [23-04-2025 18:41:18] Stopping component OpenTelemetryClient
[32mINFO[0m:     [23-04-2025 18:41:18] Application shutdown complete.
[32mINFO[0m:     [23-04-2025 18:41:18] Finished server process [[36m98920[0m]
[33mWARNING[0m:  [23-04-2025 19:20:37] chroma_server_nofile is set to 65535, but this is less than current soft limit of 1048575. chroma_server_nofile will not be set.
[32mINFO[0m:     [23-04-2025 19:20:37] Anonymized telemetry enabled. See                     https://docs.trychroma.com/telemetry for more information.
[36mDEBUG[0m:    [23-04-2025 19:20:37] Starting component System
[36mDEBUG[0m:    [23-04-2025 19:20:37] Starting component OpenTelemetryClient
[36mDEBUG[0m:    [23-04-2025 19:20:37] Starting component SqliteDB
[36mDEBUG[0m:    [23-04-2025 19:20:37] Starting component SimpleQuotaEnforcer
[36mDEBUG[0m:    [23-04-2025 19:20:37] Starting component Posthog
[36mDEBUG[0m:    [23-04-2025 19:20:37] Starting component SimpleRateLimitEnforcer
[36mDEBUG[0m:    [23-04-2025 19:20:37] Starting component LocalSegmentManager
[36mDEBUG[0m:    [23-04-2025 19:20:37] Starting component LocalExecutor
[36mDEBUG[0m:    [23-04-2025 19:20:37] Starting component SegmentAPI
[36mDEBUG[0m:    [23-04-2025 19:20:37] Starting component SimpleAsyncRateLimitEnforcer
[32mINFO[0m:     [23-04-2025 19:20:37] Started server process [[36m99505[0m]
[32mINFO[0m:     [23-04-2025 19:20:37] Waiting for application startup.
[32mINFO[0m:     [23-04-2025 19:20:37] Application startup complete.
[32mINFO[0m:     [23-04-2025 19:20:37] Uvicorn running on [1mhttp://localhost:8000[0m (Press CTRL+C to quit)
[32mINFO[0m:     [23-04-2025 19:20:54] ::1:64930 - "GET / HTTP/1.1" 404
[32mINFO[0m:     [23-04-2025 19:20:54] ::1:64930 - "GET /favicon.ico HTTP/1.1" 404
